Containers:
  [+] MainContainer:
   |            ID: 0x0000000000000000
   |        Bounds: IsValid=false, Min=(X=0.000 Y=0.000 Z=0.000), Max=(X=0.000 Y=0.000 Z=0.000)
   |     Transform: 0.000000,0.000000,0.000000|0.000000,0.000000,-0.000000|1.000000,1.000000,1.000000
   |     Container: /Game/ThirdPerson/Maps/ThirdPersonMap
   |  ActorDescs:
   |      - Guid:2D88E21D43CB6AEE1066C3B4A2364A41 Class:Actor Name:Salle1_C_UAID_B04F13DA013A565301_2134837946 SpatiallyLoaded:true Bounds:IsValid=true, Min=(X=55.000 Y=190.000 Z=0.000), Max=(X=645.000 Y=690.000 Z=500.000) RuntimeGrid:None EditorOnly:false LevelBoundsRelevant:true HLODRelevant:false FolderPath:Salle1 FolderGuid:7D23E5AE4C2A421F86AF6986D87E6D05 Parent:00000000000000000000000000000000
   |      - Guid:2FB58999456391D349DC0F86DAC136ED Class:SkyLight Name:SkyLight_1 SpatiallyLoaded:false Bounds:IsValid=true, Min=(X=0.000 Y=0.000 Z=690.000), Max=(X=0.000 Y=0.000 Z=690.000) RuntimeGrid:None EditorOnly:false LevelBoundsRelevant:false HLODRelevant:false FolderPath:Lighting FolderGuid:963EC3EB4002CCE9759E2EBA541A873A Parent:00000000000000000000000000000000
   |      - Guid:316CF2A6494ACA4C0E4180A87D36AB8F Class:ExponentialHeightFog Name:ExponentialHeightFog_0 SpatiallyLoaded:false Bounds:IsValid=true, Min=(X=-5600.000 Y=-50.000 Z=-6850.000), Max=(X=-5600.000 Y=-50.000 Z=-6850.000) RuntimeGrid:None EditorOnly:false LevelBoundsRelevant:false HLODRelevant:false FolderPath:Lighting FolderGuid:963EC3EB4002CCE9759E2EBA541A873A Parent:00000000000000000000000000000000
   |      - Guid:3A00AA1C422CE54C0BDB60BAF471BFBB Class:PlayerStart Name:PlayerStart_0 SpatiallyLoaded:false Bounds:IsValid=true, Min=(X=570.000 Y=1190.000 Z=0.013), Max=(X=650.000 Y=1270.000 Z=184.013) RuntimeGrid:None EditorOnly:false LevelBoundsRelevant:true HLODRelevant:false FolderPath:None FolderGuid:00000000000000000000000000000000 Parent:00000000000000000000000000000000
   |      - Guid:3C738EF946E34E46C571AEA23B86E0E3 Class:TriggerVolume Name:TriggerVolume_UAID_B04F13DA013A575301_1180399123 SpatiallyLoaded:true Bounds:IsValid=true, Min=(X=125.000 Y=245.000 Z=5.000), Max=(X=575.000 Y=895.000 Z=455.000) RuntimeGrid:None EditorOnly:false LevelBoundsRelevant:false HLODRelevant:false FolderPath:Salle1 FolderGuid:7D23E5AE4C2A421F86AF6986D87E6D05 Parent:00000000000000000000000000000000
   |      - Guid:4D3BE93F4146AAAC8BBE79999D96D57F Class:VolumetricCloud Name:VolumetricCloud_0 SpatiallyLoaded:false Bounds:IsValid=true, Min=(X=0.000 Y=0.000 Z=820.000), Max=(X=0.000 Y=0.000 Z=820.000) RuntimeGrid:None EditorOnly:false LevelBoundsRelevant:false HLODRelevant:false FolderPath:Lighting FolderGuid:963EC3EB4002CCE9759E2EBA541A873A Parent:00000000000000000000000000000000
   |      - Guid:6BAF4DDD444C60371492D3919DB42C97 Class:WorldDataLayers Name:WorldDataLayers SpatiallyLoaded:false Bounds:IsValid=true, Min=(X=0.000 Y=0.000 Z=0.000), Max=(X=0.000 Y=0.000 Z=0.000) RuntimeGrid:None EditorOnly:false LevelBoundsRelevant:false HLODRelevant:false FolderPath:None FolderGuid:00000000000000000000000000000000 Parent:00000000000000000000000000000000
   |      - Guid:93EBB02B45C7E251EF73EB8A9F8CDC57 Class:TextRenderActor Name:TextRenderActor_UAID_B04F13DA013A565301_1775214945 SpatiallyLoaded:true Bounds:IsValid=true, Min=(X=800.000 Y=2800.000 Z=1.000), Max=(X=2370.000 Y=3320.000 Z=1.000) RuntimeGrid:None EditorOnly:false LevelBoundsRelevant:true HLODRelevant:false FolderPath:Playground FolderGuid:C73F09FC4215536B1DCE2A9E0A830C70 Parent:00000000000000000000000000000000
   |      - Guid:B785ED2844B84CFB91E7F39FE661CD99 Class:DirectionalLight Name:DirectionalLight_0 SpatiallyLoaded:false Bounds:IsValid=true, Min=(X=-1048576.000 Y=-1048576.000 Z=-1048576.000), Max=(X=1048576.000 Y=1048576.000 Z=1048576.000) RuntimeGrid:None EditorOnly:false LevelBoundsRelevant:false HLODRelevant:false FolderPath:Lighting FolderGuid:963EC3EB4002CCE9759E2EBA541A873A Parent:00000000000000000000000000000000
   |      - Guid:CCFF262C46EEFFDF319E7F9539CE697E Class:SkyAtmosphere Name:SkyAtmosphere_0 SpatiallyLoaded:false Bounds:IsValid=true, Min=(X=0.000 Y=0.000 Z=1020.000), Max=(X=0.000 Y=0.000 Z=1020.000) RuntimeGrid:None EditorOnly:false LevelBoundsRelevant:false HLODRelevant:false FolderPath:Lighting FolderGuid:963EC3EB4002CCE9759E2EBA541A873A Parent:00000000000000000000000000000000
   |      - Guid:EC4E0C944CE6AC6E784BC6BB2916EA13 Class:StaticMeshActor Name:StaticMeshActor_UAID_A4AE111137DC5EFB00_1110535423 SpatiallyLoaded:true Bounds:IsValid=true, Min=(X=-1638400.000 Y=-1638400.000 Z=-1638400.000), Max=(X=1638400.000 Y=1638400.000 Z=1638400.000) RuntimeGrid:None EditorOnly:false LevelBoundsRelevant:true HLODRelevant:true FolderPath:Lighting FolderGuid:963EC3EB4002CCE9759E2EBA541A873A Parent:00000000000000000000000000000000
   |      - Guid:F1924B8D48954B30891B2DB6A694F9CC Class:StaticMeshActor Name:StaticMeshActor_1 SpatiallyLoaded:true Bounds:IsValid=true, Min=(X=0.000 Y=0.000 Z=-50.000), Max=(X=3000.000 Y=3500.000 Z=0.000) RuntimeGrid:None EditorOnly:false LevelBoundsRelevant:true HLODRelevant:true FolderPath:Playground FolderGuid:C73F09FC4215536B1DCE2A9E0A830C70 Parent:00000000000000000000000000000000
   |      - Guid:F5E3FEB3450C49844FD93DA8E083C8AD Class:PostProcessVolume Name:PostProcessVolume_0 SpatiallyLoaded:false Bounds:IsValid=true, Min=(X=0.000 Y=0.000 Z=400.000), Max=(X=200.000 Y=200.000 Z=600.000) RuntimeGrid:None EditorOnly:false LevelBoundsRelevant:false HLODRelevant:false FolderPath:Lighting FolderGuid:963EC3EB4002CCE9759E2EBA541A873A Parent:00000000000000000000000000000000
